{"D:\\workspace\\Andela\\api\\src\\app.js": {"path":"D:\\workspace\\Andela\\api\\src\\app.js","statementMap":{"0":{"start":{"line":10,"column":12},"end":{"line":10,"column":21}},"1":{"start":{"line":11,"column":0},"end":{"line":11,"column":15}},"2":{"start":{"line":12,"column":0},"end":{"line":12,"column":48}},"3":{"start":{"line":13,"column":0},"end":{"line":18,"column":3}},"4":{"start":{"line":19,"column":0},"end":{"line":19,"column":35}},"5":{"start":{"line":20,"column":0},"end":{"line":23,"column":27}},"6":{"start":{"line":23,"column":12},"end":{"line":23,"column":26}},"7":{"start":{"line":24,"column":0},"end":{"line":24,"column":23}},"8":{"start":{"line":25,"column":0},"end":{"line":25,"column":30}},"9":{"start":{"line":26,"column":0},"end":{"line":26,"column":30}},"10":{"start":{"line":27,"column":0},"end":{"line":27,"column":33}}},"fnMap":{"0":{"name":"(anonymous_0)","decl":{"start":{"line":23,"column":7},"end":{"line":23,"column":8}},"loc":{"start":{"line":23,"column":12},"end":{"line":23,"column":26}},"line":23}},"branchMap":{},"s":{"0":1,"1":1,"2":1,"3":1,"4":1,"5":1,"6":0,"7":1,"8":1,"9":1,"10":1},"f":{"0":0},"b":{},"_coverageSchema":"1a1c01bbd47fc00a2c39e90264f33305004495a9","hash":"e32017b02baca498ef8c9cb6af55cc6041589690"}
,"D:\\workspace\\Andela\\api\\src\\controllers\\authController.js": {"path":"D:\\workspace\\Andela\\api\\src\\controllers\\authController.js","statementMap":{"0":{"start":{"line":7,"column":21},"end":{"line":22,"column":1}},"1":{"start":{"line":8,"column":4},"end":{"line":21,"column":5}},"2":{"start":{"line":9,"column":21},"end":{"line":9,"column":45}},"3":{"start":{"line":10,"column":31},"end":{"line":10,"column":72}},"4":{"start":{"line":11,"column":24},"end":{"line":16,"column":10}},"5":{"start":{"line":17,"column":21},"end":{"line":17,"column":41}},"6":{"start":{"line":18,"column":8},"end":{"line":18,"column":34}},"7":{"start":{"line":20,"column":8},"end":{"line":20,"column":31}},"8":{"start":{"line":24,"column":16},"end":{"line":48,"column":1}},"9":{"start":{"line":45,"column":4},"end":{"line":47,"column":6}},"10":{"start":{"line":49,"column":17},"end":{"line":56,"column":1}},"11":{"start":{"line":50,"column":4},"end":{"line":55,"column":5}},"12":{"start":{"line":51,"column":21},"end":{"line":51,"column":61}},"13":{"start":{"line":52,"column":8},"end":{"line":52,"column":34}},"14":{"start":{"line":54,"column":8},"end":{"line":54,"column":35}},"15":{"start":{"line":57,"column":19},"end":{"line":60,"column":1}},"16":{"start":{"line":58,"column":17},"end":{"line":58,"column":59}},"17":{"start":{"line":59,"column":4},"end":{"line":59,"column":64}}},"fnMap":{"0":{"name":"(anonymous_0)","decl":{"start":{"line":7,"column":21},"end":{"line":7,"column":22}},"loc":{"start":{"line":7,"column":37},"end":{"line":22,"column":1}},"line":7},"1":{"name":"(anonymous_1)","decl":{"start":{"line":24,"column":16},"end":{"line":24,"column":17}},"loc":{"start":{"line":24,"column":27},"end":{"line":48,"column":1}},"line":24},"2":{"name":"(anonymous_2)","decl":{"start":{"line":49,"column":17},"end":{"line":49,"column":18}},"loc":{"start":{"line":49,"column":33},"end":{"line":56,"column":1}},"line":49},"3":{"name":"(anonymous_3)","decl":{"start":{"line":57,"column":19},"end":{"line":57,"column":20}},"loc":{"start":{"line":57,"column":35},"end":{"line":60,"column":1}},"line":57}},"branchMap":{},"s":{"0":1,"1":1,"2":1,"3":1,"4":1,"5":1,"6":1,"7":0,"8":1,"9":1,"10":1,"11":0,"12":0,"13":0,"14":0,"15":1,"16":1,"17":1},"f":{"0":1,"1":1,"2":0,"3":1},"b":{},"_coverageSchema":"1a1c01bbd47fc00a2c39e90264f33305004495a9","hash":"50cb623668908a0915a37fadab73ab0ebb0991c7"}
,"D:\\workspace\\Andela\\api\\src\\controllers\\blogsController.js": {"path":"D:\\workspace\\Andela\\api\\src\\controllers\\blogsController.js","statementMap":{"0":{"start":{"line":6,"column":19},"end":{"line":21,"column":1}},"1":{"start":{"line":7,"column":4},"end":{"line":20,"column":5}},"2":{"start":{"line":8,"column":23},"end":{"line":8,"column":70}},"3":{"start":{"line":9,"column":24},"end":{"line":15,"column":10}},"4":{"start":{"line":16,"column":27},"end":{"line":16,"column":47}},"5":{"start":{"line":17,"column":8},"end":{"line":17,"column":41}},"6":{"start":{"line":19,"column":8},"end":{"line":19,"column":35}},"7":{"start":{"line":24,"column":20},"end":{"line":31,"column":1}},"8":{"start":{"line":25,"column":4},"end":{"line":30,"column":5}},"9":{"start":{"line":26,"column":21},"end":{"line":26,"column":63}},"10":{"start":{"line":27,"column":8},"end":{"line":27,"column":34}},"11":{"start":{"line":29,"column":8},"end":{"line":29,"column":35}},"12":{"start":{"line":35,"column":22},"end":{"line":45,"column":1}},"13":{"start":{"line":36,"column":17},"end":{"line":36,"column":27}},"14":{"start":{"line":37,"column":4},"end":{"line":39,"column":5}},"15":{"start":{"line":38,"column":8},"end":{"line":38,"column":69}},"16":{"start":{"line":40,"column":18},"end":{"line":40,"column":42}},"17":{"start":{"line":41,"column":4},"end":{"line":43,"column":5}},"18":{"start":{"line":42,"column":8},"end":{"line":42,"column":69}},"19":{"start":{"line":44,"column":4},"end":{"line":44,"column":31}},"20":{"start":{"line":47,"column":19},"end":{"line":58,"column":1}},"21":{"start":{"line":48,"column":4},"end":{"line":57,"column":5}},"22":{"start":{"line":49,"column":21},"end":{"line":49,"column":31}},"23":{"start":{"line":50,"column":8},"end":{"line":52,"column":9}},"24":{"start":{"line":51,"column":12},"end":{"line":51,"column":65}},"25":{"start":{"line":53,"column":21},"end":{"line":53,"column":59}},"26":{"start":{"line":54,"column":8},"end":{"line":54,"column":34}},"27":{"start":{"line":56,"column":8},"end":{"line":56,"column":27}},"28":{"start":{"line":59,"column":19},"end":{"line":78,"column":1}},"29":{"start":{"line":60,"column":17},"end":{"line":60,"column":27}},"30":{"start":{"line":61,"column":4},"end":{"line":63,"column":5}},"31":{"start":{"line":62,"column":8},"end":{"line":62,"column":61}},"32":{"start":{"line":65,"column":19},"end":{"line":65,"column":66}},"33":{"start":{"line":66,"column":20},"end":{"line":73,"column":6}},"34":{"start":{"line":74,"column":4},"end":{"line":76,"column":5}},"35":{"start":{"line":75,"column":8},"end":{"line":75,"column":61}},"36":{"start":{"line":77,"column":4},"end":{"line":77,"column":33}},"37":{"start":{"line":79,"column":22},"end":{"line":94,"column":1}},"38":{"start":{"line":80,"column":15},"end":{"line":80,"column":28}},"39":{"start":{"line":81,"column":17},"end":{"line":81,"column":29}},"40":{"start":{"line":83,"column":20},"end":{"line":87,"column":6}},"41":{"start":{"line":89,"column":4},"end":{"line":89,"column":25}},"42":{"start":{"line":90,"column":11},"end":{"line":90,"column":40}},"43":{"start":{"line":91,"column":31},"end":{"line":91,"column":55}},"44":{"start":{"line":92,"column":11},"end":{"line":92,"column":45}},"45":{"start":{"line":93,"column":11},"end":{"line":93,"column":35}},"46":{"start":{"line":95,"column":21},"end":{"line":115,"column":1}},"47":{"start":{"line":96,"column":4},"end":{"line":113,"column":6}},"48":{"start":{"line":97,"column":8},"end":{"line":106,"column":9}},"49":{"start":{"line":98,"column":12},"end":{"line":105,"column":14}},"50":{"start":{"line":99,"column":16},"end":{"line":104,"column":17}},"51":{"start":{"line":100,"column":20},"end":{"line":103,"column":22}},"52":{"start":{"line":107,"column":8},"end":{"line":112,"column":9}},"53":{"start":{"line":108,"column":12},"end":{"line":111,"column":14}},"54":{"start":{"line":116,"column":20},"end":{"line":172,"column":5}},"55":{"start":{"line":119,"column":17},"end":{"line":119,"column":29}},"56":{"start":{"line":120,"column":4},"end":{"line":171,"column":7}},"57":{"start":{"line":121,"column":8},"end":{"line":165,"column":9}},"58":{"start":{"line":122,"column":12},"end":{"line":164,"column":13}},"59":{"start":{"line":123,"column":16},"end":{"line":138,"column":23}},"60":{"start":{"line":127,"column":24},"end":{"line":131,"column":25}},"61":{"start":{"line":128,"column":28},"end":{"line":130,"column":30}},"62":{"start":{"line":132,"column":24},"end":{"line":137,"column":25}},"63":{"start":{"line":133,"column":28},"end":{"line":136,"column":30}},"64":{"start":{"line":141,"column":16},"end":{"line":163,"column":18}},"65":{"start":{"line":142,"column":20},"end":{"line":162,"column":21}},"66":{"start":{"line":143,"column":24},"end":{"line":155,"column":26}},"67":{"start":{"line":144,"column":28},"end":{"line":154,"column":29}},"68":{"start":{"line":145,"column":32},"end":{"line":147,"column":34}},"69":{"start":{"line":150,"column":32},"end":{"line":153,"column":34}},"70":{"start":{"line":158,"column":24},"end":{"line":161,"column":26}},"71":{"start":{"line":166,"column":8},"end":{"line":170,"column":9}},"72":{"start":{"line":167,"column":12},"end":{"line":169,"column":14}}},"fnMap":{"0":{"name":"(anonymous_0)","decl":{"start":{"line":6,"column":19},"end":{"line":6,"column":20}},"loc":{"start":{"line":6,"column":36},"end":{"line":21,"column":1}},"line":6},"1":{"name":"(anonymous_1)","decl":{"start":{"line":24,"column":20},"end":{"line":24,"column":21}},"loc":{"start":{"line":24,"column":37},"end":{"line":31,"column":1}},"line":24},"2":{"name":"(anonymous_2)","decl":{"start":{"line":35,"column":22},"end":{"line":35,"column":23}},"loc":{"start":{"line":35,"column":39},"end":{"line":45,"column":1}},"line":35},"3":{"name":"(anonymous_3)","decl":{"start":{"line":47,"column":19},"end":{"line":47,"column":20}},"loc":{"start":{"line":47,"column":35},"end":{"line":58,"column":1}},"line":47},"4":{"name":"(anonymous_4)","decl":{"start":{"line":59,"column":19},"end":{"line":59,"column":20}},"loc":{"start":{"line":59,"column":36},"end":{"line":78,"column":1}},"line":59},"5":{"name":"(anonymous_5)","decl":{"start":{"line":79,"column":22},"end":{"line":79,"column":23}},"loc":{"start":{"line":79,"column":39},"end":{"line":94,"column":1}},"line":79},"6":{"name":"(anonymous_6)","decl":{"start":{"line":95,"column":21},"end":{"line":95,"column":22}},"loc":{"start":{"line":95,"column":32},"end":{"line":115,"column":1}},"line":95},"7":{"name":"(anonymous_7)","decl":{"start":{"line":96,"column":43},"end":{"line":96,"column":44}},"loc":{"start":{"line":96,"column":58},"end":{"line":113,"column":5}},"line":96},"8":{"name":"(anonymous_8)","decl":{"start":{"line":98,"column":56},"end":{"line":98,"column":57}},"loc":{"start":{"line":98,"column":71},"end":{"line":105,"column":13}},"line":98},"9":{"name":"(anonymous_9)","decl":{"start":{"line":116,"column":20},"end":{"line":116,"column":21}},"loc":{"start":{"line":116,"column":37},"end":{"line":172,"column":5}},"line":116},"10":{"name":"(anonymous_10)","decl":{"start":{"line":120,"column":59},"end":{"line":120,"column":60}},"loc":{"start":{"line":120,"column":80},"end":{"line":171,"column":5}},"line":120},"11":{"name":"(anonymous_11)","decl":{"start":{"line":126,"column":20},"end":{"line":126,"column":21}},"loc":{"start":{"line":126,"column":34},"end":{"line":138,"column":21}},"line":126},"12":{"name":"(anonymous_12)","decl":{"start":{"line":141,"column":77},"end":{"line":141,"column":78}},"loc":{"start":{"line":141,"column":91},"end":{"line":163,"column":17}},"line":141},"13":{"name":"(anonymous_13)","decl":{"start":{"line":143,"column":97},"end":{"line":143,"column":98}},"loc":{"start":{"line":143,"column":114},"end":{"line":155,"column":25}},"line":143}},"branchMap":{"0":{"loc":{"start":{"line":37,"column":4},"end":{"line":39,"column":5}},"type":"if","locations":[{"start":{"line":37,"column":4},"end":{"line":39,"column":5}},{"start":{},"end":{}}],"line":37},"1":{"loc":{"start":{"line":41,"column":4},"end":{"line":43,"column":5}},"type":"if","locations":[{"start":{"line":41,"column":4},"end":{"line":43,"column":5}},{"start":{},"end":{}}],"line":41},"2":{"loc":{"start":{"line":50,"column":8},"end":{"line":52,"column":9}},"type":"if","locations":[{"start":{"line":50,"column":8},"end":{"line":52,"column":9}},{"start":{},"end":{}}],"line":50},"3":{"loc":{"start":{"line":61,"column":4},"end":{"line":63,"column":5}},"type":"if","locations":[{"start":{"line":61,"column":4},"end":{"line":63,"column":5}},{"start":{},"end":{}}],"line":61},"4":{"loc":{"start":{"line":74,"column":4},"end":{"line":76,"column":5}},"type":"if","locations":[{"start":{"line":74,"column":4},"end":{"line":76,"column":5}},{"start":{},"end":{}}],"line":74},"5":{"loc":{"start":{"line":97,"column":8},"end":{"line":106,"column":9}},"type":"if","locations":[{"start":{"line":97,"column":8},"end":{"line":106,"column":9}},{"start":{},"end":{}}],"line":97},"6":{"loc":{"start":{"line":99,"column":16},"end":{"line":104,"column":17}},"type":"if","locations":[{"start":{"line":99,"column":16},"end":{"line":104,"column":17}},{"start":{},"end":{}}],"line":99},"7":{"loc":{"start":{"line":107,"column":8},"end":{"line":112,"column":9}},"type":"if","locations":[{"start":{"line":107,"column":8},"end":{"line":112,"column":9}},{"start":{},"end":{}}],"line":107},"8":{"loc":{"start":{"line":121,"column":8},"end":{"line":165,"column":9}},"type":"if","locations":[{"start":{"line":121,"column":8},"end":{"line":165,"column":9}},{"start":{},"end":{}}],"line":121},"9":{"loc":{"start":{"line":122,"column":12},"end":{"line":164,"column":13}},"type":"if","locations":[{"start":{"line":122,"column":12},"end":{"line":164,"column":13}},{"start":{"line":140,"column":17},"end":{"line":164,"column":13}}],"line":122},"10":{"loc":{"start":{"line":127,"column":24},"end":{"line":131,"column":25}},"type":"if","locations":[{"start":{"line":127,"column":24},"end":{"line":131,"column":25}},{"start":{},"end":{}}],"line":127},"11":{"loc":{"start":{"line":132,"column":24},"end":{"line":137,"column":25}},"type":"if","locations":[{"start":{"line":132,"column":24},"end":{"line":137,"column":25}},{"start":{},"end":{}}],"line":132},"12":{"loc":{"start":{"line":142,"column":20},"end":{"line":162,"column":21}},"type":"if","locations":[{"start":{"line":142,"column":20},"end":{"line":162,"column":21}},{"start":{"line":157,"column":24},"end":{"line":162,"column":21}}],"line":142},"13":{"loc":{"start":{"line":144,"column":28},"end":{"line":154,"column":29}},"type":"if","locations":[{"start":{"line":144,"column":28},"end":{"line":154,"column":29}},{"start":{"line":149,"column":32},"end":{"line":154,"column":29}}],"line":144},"14":{"loc":{"start":{"line":166,"column":8},"end":{"line":170,"column":9}},"type":"if","locations":[{"start":{"line":166,"column":8},"end":{"line":170,"column":9}},{"start":{},"end":{}}],"line":166}},"s":{"0":1,"1":1,"2":1,"3":1,"4":1,"5":1,"6":0,"7":1,"8":1,"9":1,"10":1,"11":0,"12":1,"13":1,"14":1,"15":0,"16":1,"17":1,"18":0,"19":1,"20":1,"21":1,"22":1,"23":1,"24":0,"25":1,"26":1,"27":0,"28":1,"29":0,"30":0,"31":0,"32":0,"33":0,"34":0,"35":0,"36":0,"37":1,"38":1,"39":1,"40":1,"41":1,"42":1,"43":1,"44":1,"45":1,"46":1,"47":0,"48":0,"49":0,"50":0,"51":0,"52":0,"53":0,"54":1,"55":1,"56":1,"57":1,"58":1,"59":1,"60":1,"61":1,"62":1,"63":0,"64":0,"65":0,"66":0,"67":0,"68":0,"69":0,"70":0,"71":1,"72":0},"f":{"0":1,"1":1,"2":1,"3":1,"4":0,"5":1,"6":0,"7":0,"8":0,"9":1,"10":1,"11":1,"12":0,"13":0},"b":{"0":[0,1],"1":[0,1],"2":[0,1],"3":[0,0],"4":[0,0],"5":[0,0],"6":[0,0],"7":[0,0],"8":[1,0],"9":[1,0],"10":[1,0],"11":[0,1],"12":[0,0],"13":[0,0],"14":[0,1]},"_coverageSchema":"1a1c01bbd47fc00a2c39e90264f33305004495a9","hash":"abcd48cf9000b46c8b6f9bd1fde2c9e30f45e196"}
,"D:\\workspace\\Andela\\api\\src\\controllers\\userControler.js": {"path":"D:\\workspace\\Andela\\api\\src\\controllers\\userControler.js","statementMap":{"0":{"start":{"line":3,"column":23},"end":{"line":10,"column":1}},"1":{"start":{"line":4,"column":4},"end":{"line":9,"column":5}},"2":{"start":{"line":5,"column":23},"end":{"line":5,"column":66}},"3":{"start":{"line":6,"column":8},"end":{"line":6,"column":37}},"4":{"start":{"line":8,"column":8},"end":{"line":8,"column":35}},"5":{"start":{"line":12,"column":19},"end":{"line":20,"column":1}},"6":{"start":{"line":13,"column":22},"end":{"line":17,"column":6}},"7":{"start":{"line":18,"column":19},"end":{"line":18,"column":41}},"8":{"start":{"line":19,"column":4},"end":{"line":19,"column":33}}},"fnMap":{"0":{"name":"(anonymous_0)","decl":{"start":{"line":3,"column":23},"end":{"line":3,"column":24}},"loc":{"start":{"line":3,"column":40},"end":{"line":10,"column":1}},"line":3},"1":{"name":"(anonymous_1)","decl":{"start":{"line":12,"column":19},"end":{"line":12,"column":20}},"loc":{"start":{"line":12,"column":36},"end":{"line":20,"column":1}},"line":12}},"branchMap":{},"s":{"0":1,"1":2,"2":2,"3":2,"4":0,"5":1,"6":1,"7":1,"8":1},"f":{"0":2,"1":1},"b":{},"_coverageSchema":"1a1c01bbd47fc00a2c39e90264f33305004495a9","hash":"2f99342eef2112b09876e58678e594223d9363fd"}
,"D:\\workspace\\Andela\\api\\src\\middleware\\isLogedin.js": {"path":"D:\\workspace\\Andela\\api\\src\\middleware\\isLogedin.js","statementMap":{"0":{"start":{"line":4,"column":4},"end":{"line":4,"column":45}},"1":{"start":{"line":4,"column":31},"end":{"line":4,"column":45}},"2":{"start":{"line":5,"column":4},"end":{"line":8,"column":6}},"3":{"start":{"line":11,"column":4},"end":{"line":11,"column":75}},"4":{"start":{"line":11,"column":61},"end":{"line":11,"column":75}},"5":{"start":{"line":12,"column":4},"end":{"line":15,"column":6}}},"fnMap":{"0":{"name":"isLoggedIn","decl":{"start":{"line":3,"column":9},"end":{"line":3,"column":19}},"loc":{"start":{"line":3,"column":36},"end":{"line":9,"column":1}},"line":3},"1":{"name":"isLoggedInAsAdmin","decl":{"start":{"line":10,"column":9},"end":{"line":10,"column":26}},"loc":{"start":{"line":10,"column":43},"end":{"line":16,"column":1}},"line":10}},"branchMap":{"0":{"loc":{"start":{"line":4,"column":4},"end":{"line":4,"column":45}},"type":"if","locations":[{"start":{"line":4,"column":4},"end":{"line":4,"column":45}},{"start":{},"end":{}}],"line":4},"1":{"loc":{"start":{"line":11,"column":4},"end":{"line":11,"column":75}},"type":"if","locations":[{"start":{"line":11,"column":4},"end":{"line":11,"column":75}},{"start":{},"end":{}}],"line":11},"2":{"loc":{"start":{"line":11,"column":8},"end":{"line":11,"column":58}},"type":"binary-expr","locations":[{"start":{"line":11,"column":8},"end":{"line":11,"column":29}},{"start":{"line":11,"column":33},"end":{"line":11,"column":58}}],"line":11}},"s":{"0":6,"1":6,"2":0,"3":2,"4":2,"5":0},"f":{"0":6,"1":2},"b":{"0":[6,0],"1":[2,0],"2":[2,2]},"_coverageSchema":"1a1c01bbd47fc00a2c39e90264f33305004495a9","hash":"06a71b3ceaa2fa654f747f1d3809c3d1d4973d31"}
,"D:\\workspace\\Andela\\api\\src\\middleware\\validation.js": {"path":"D:\\workspace\\Andela\\api\\src\\middleware\\validation.js","statementMap":{"0":{"start":{"line":2,"column":4},"end":{"line":11,"column":5}},"1":{"start":{"line":3,"column":24},"end":{"line":3,"column":49}},"2":{"start":{"line":4,"column":8},"end":{"line":10,"column":9}},"3":{"start":{"line":5,"column":12},"end":{"line":7,"column":15}},"4":{"start":{"line":9,"column":12},"end":{"line":9,"column":19}}},"fnMap":{"0":{"name":"validate","decl":{"start":{"line":1,"column":9},"end":{"line":1,"column":17}},"loc":{"start":{"line":1,"column":25},"end":{"line":12,"column":1}},"line":1},"1":{"name":"(anonymous_1)","decl":{"start":{"line":2,"column":11},"end":{"line":2,"column":12}},"loc":{"start":{"line":2,"column":28},"end":{"line":11,"column":5}},"line":2}},"branchMap":{"0":{"loc":{"start":{"line":4,"column":8},"end":{"line":10,"column":9}},"type":"if","locations":[{"start":{"line":4,"column":8},"end":{"line":10,"column":9}},{"start":{"line":8,"column":13},"end":{"line":10,"column":9}}],"line":4}},"s":{"0":2,"1":2,"2":2,"3":0,"4":2},"f":{"0":2,"1":2},"b":{"0":[0,2]},"_coverageSchema":"1a1c01bbd47fc00a2c39e90264f33305004495a9","hash":"dc428fd438fc8b25da4857abe90d959e5c0d14f9"}
,"D:\\workspace\\Andela\\api\\src\\models\\blogsModel.js": {"path":"D:\\workspace\\Andela\\api\\src\\models\\blogsModel.js","statementMap":{"0":{"start":{"line":2,"column":19},"end":{"line":22,"column":20}}},"fnMap":{},"branchMap":{},"s":{"0":1},"f":{},"b":{},"_coverageSchema":"1a1c01bbd47fc00a2c39e90264f33305004495a9","hash":"b84a7ddbdbd136b0b026dabbd12d420da4d6f660"}
,"D:\\workspace\\Andela\\api\\src\\models\\commentSchema.js": {"path":"D:\\workspace\\Andela\\api\\src\\models\\commentSchema.js","statementMap":{"0":{"start":{"line":2,"column":22},"end":{"line":19,"column":2}}},"fnMap":{},"branchMap":{},"s":{"0":1},"f":{},"b":{},"_coverageSchema":"1a1c01bbd47fc00a2c39e90264f33305004495a9","hash":"3779329a46a598fc2f61b0d9a7a93f64815bd2ff"}
,"D:\\workspace\\Andela\\api\\src\\models\\querries.js": {"path":"D:\\workspace\\Andela\\api\\src\\models\\querries.js","statementMap":{"0":{"start":{"line":2,"column":23},"end":{"line":16,"column":20}}},"fnMap":{},"branchMap":{},"s":{"0":1},"f":{},"b":{},"_coverageSchema":"1a1c01bbd47fc00a2c39e90264f33305004495a9","hash":"4936c9e10655ccaa6965fe66869b5900abf6717e"}
,"D:\\workspace\\Andela\\api\\src\\models\\usersModel.js": {"path":"D:\\workspace\\Andela\\api\\src\\models\\usersModel.js","statementMap":{"0":{"start":{"line":3,"column":19},"end":{"line":21,"column":22}},"1":{"start":{"line":22,"column":0},"end":{"line":22,"column":41}}},"fnMap":{},"branchMap":{},"s":{"0":1,"1":1},"f":{},"b":{},"_coverageSchema":"1a1c01bbd47fc00a2c39e90264f33305004495a9","hash":"1227f78b8a7bba8a2c0df99fd537f1f00e90974d"}
,"D:\\workspace\\Andela\\api\\src\\routes\\blogsRoutes.js": {"path":"D:\\workspace\\Andela\\api\\src\\routes\\blogsRoutes.js","statementMap":{"0":{"start":{"line":9,"column":15},"end":{"line":9,"column":23}},"1":{"start":{"line":10,"column":0},"end":{"line":10,"column":33}},"2":{"start":{"line":11,"column":0},"end":{"line":11,"column":30}},"3":{"start":{"line":14,"column":0},"end":{"line":14,"column":109}},"4":{"start":{"line":17,"column":0},"end":{"line":17,"column":32}},"5":{"start":{"line":20,"column":0},"end":{"line":20,"column":38}},"6":{"start":{"line":23,"column":0},"end":{"line":23,"column":56}},"7":{"start":{"line":26,"column":0},"end":{"line":26,"column":76}},"8":{"start":{"line":28,"column":0},"end":{"line":28,"column":59}},"9":{"start":{"line":30,"column":0},"end":{"line":30,"column":46}},"10":{"start":{"line":32,"column":0},"end":{"line":32,"column":54}}},"fnMap":{},"branchMap":{},"s":{"0":1,"1":1,"2":1,"3":1,"4":1,"5":1,"6":1,"7":1,"8":1,"9":1,"10":1},"f":{},"b":{},"_coverageSchema":"1a1c01bbd47fc00a2c39e90264f33305004495a9","hash":"7a8ab4ddf66f2fb656cc6b14d7fda73dd0bd5162"}
,"D:\\workspace\\Andela\\api\\src\\routes\\messageRoutes.js": {"path":"D:\\workspace\\Andela\\api\\src\\routes\\messageRoutes.js","statementMap":{"0":{"start":{"line":4,"column":13},"end":{"line":4,"column":21}},"1":{"start":{"line":9,"column":0},"end":{"line":9,"column":34}},"2":{"start":{"line":10,"column":0},"end":{"line":10,"column":31}},"3":{"start":{"line":11,"column":0},"end":{"line":11,"column":71}},"4":{"start":{"line":12,"column":0},"end":{"line":12,"column":50}}},"fnMap":{},"branchMap":{},"s":{"0":1,"1":1,"2":1,"3":1,"4":1},"f":{},"b":{},"_coverageSchema":"1a1c01bbd47fc00a2c39e90264f33305004495a9","hash":"e8e280f4cbd3fb08743fe5e8e2e120e9a332085b"}
,"D:\\workspace\\Andela\\api\\src\\routes\\userRoutes.js": {"path":"D:\\workspace\\Andela\\api\\src\\routes\\userRoutes.js","statementMap":{"0":{"start":{"line":8,"column":14},"end":{"line":8,"column":22}},"1":{"start":{"line":9,"column":0},"end":{"line":9,"column":38}},"2":{"start":{"line":10,"column":0},"end":{"line":10,"column":34}},"3":{"start":{"line":11,"column":0},"end":{"line":11,"column":31}},"4":{"start":{"line":12,"column":18},"end":{"line":12,"column":24}},"5":{"start":{"line":13,"column":0},"end":{"line":35,"column":3}},"6":{"start":{"line":18,"column":8},"end":{"line":33,"column":9}},"7":{"start":{"line":19,"column":12},"end":{"line":30,"column":14}},"8":{"start":{"line":20,"column":16},"end":{"line":29,"column":17}},"9":{"start":{"line":21,"column":38},"end":{"line":21,"column":78}},"10":{"start":{"line":22,"column":20},"end":{"line":26,"column":21}},"11":{"start":{"line":23,"column":24},"end":{"line":23,"column":47}},"12":{"start":{"line":25,"column":24},"end":{"line":25,"column":48}},"13":{"start":{"line":28,"column":20},"end":{"line":28,"column":44}},"14":{"start":{"line":32,"column":12},"end":{"line":32,"column":28}},"15":{"start":{"line":37,"column":0},"end":{"line":37,"column":45}},"16":{"start":{"line":38,"column":0},"end":{"line":38,"column":49}},"17":{"start":{"line":39,"column":0},"end":{"line":42,"column":12}},"18":{"start":{"line":43,"column":0},"end":{"line":43,"column":47}},"19":{"start":{"line":44,"column":0},"end":{"line":44,"column":56}},"20":{"start":{"line":45,"column":0},"end":{"line":53,"column":3}},"21":{"start":{"line":46,"column":4},"end":{"line":52,"column":7}},"22":{"start":{"line":47,"column":6},"end":{"line":47,"column":36}},"23":{"start":{"line":47,"column":17},"end":{"line":47,"column":34}},"24":{"start":{"line":48,"column":6},"end":{"line":51,"column":6}}},"fnMap":{"0":{"name":"(anonymous_0)","decl":{"start":{"line":17,"column":4},"end":{"line":17,"column":5}},"loc":{"start":{"line":17,"column":37},"end":{"line":34,"column":5}},"line":17},"1":{"name":"(anonymous_1)","decl":{"start":{"line":19,"column":44},"end":{"line":19,"column":45}},"loc":{"start":{"line":19,"column":65},"end":{"line":30,"column":13}},"line":19},"2":{"name":"(anonymous_2)","decl":{"start":{"line":45,"column":22},"end":{"line":45,"column":23}},"loc":{"start":{"line":45,"column":47},"end":{"line":53,"column":1}},"line":45},"3":{"name":"(anonymous_3)","decl":{"start":{"line":46,"column":15},"end":{"line":46,"column":16}},"loc":{"start":{"line":46,"column":29},"end":{"line":52,"column":5}},"line":46}},"branchMap":{"0":{"loc":{"start":{"line":20,"column":16},"end":{"line":29,"column":17}},"type":"if","locations":[{"start":{"line":20,"column":16},"end":{"line":29,"column":17}},{"start":{"line":27,"column":23},"end":{"line":29,"column":17}}],"line":20},"1":{"loc":{"start":{"line":22,"column":20},"end":{"line":26,"column":21}},"type":"if","locations":[{"start":{"line":22,"column":20},"end":{"line":26,"column":21}},{"start":{"line":24,"column":27},"end":{"line":26,"column":21}}],"line":22},"2":{"loc":{"start":{"line":47,"column":6},"end":{"line":47,"column":36}},"type":"if","locations":[{"start":{"line":47,"column":6},"end":{"line":47,"column":36}},{"start":{},"end":{}}],"line":47}},"s":{"0":1,"1":1,"2":1,"3":1,"4":1,"5":1,"6":1,"7":1,"8":1,"9":1,"10":1,"11":1,"12":0,"13":0,"14":0,"15":1,"16":1,"17":1,"18":1,"19":1,"20":1,"21":1,"22":1,"23":0,"24":1},"f":{"0":1,"1":1,"2":1,"3":1},"b":{"0":[1,0],"1":[1,0],"2":[0,1]},"_coverageSchema":"1a1c01bbd47fc00a2c39e90264f33305004495a9","hash":"17f75f71d0161270a86a0ed680cca882aa8c2343"}
,"D:\\workspace\\Andela\\api\\src\\utils\\cloudinary.js": {"path":"D:\\workspace\\Andela\\api\\src\\utils\\cloudinary.js","statementMap":{"0":{"start":{"line":2,"column":0},"end":{"line":6,"column":5}}},"fnMap":{},"branchMap":{},"s":{"0":1},"f":{},"b":{},"_coverageSchema":"1a1c01bbd47fc00a2c39e90264f33305004495a9","hash":"0c120051d61fc0cb2da03759e49df4f9e3f75baa"}
,"D:\\workspace\\Andela\\api\\src\\utils\\multer.js": {"path":"D:\\workspace\\Andela\\api\\src\\utils\\multer.js","statementMap":{"0":{"start":{"line":6,"column":18},"end":{"line":6,"column":49}},"1":{"start":{"line":7,"column":8},"end":{"line":10,"column":9}},"2":{"start":{"line":8,"column":12},"end":{"line":8,"column":62}},"3":{"start":{"line":9,"column":12},"end":{"line":9,"column":19}},"4":{"start":{"line":11,"column":8},"end":{"line":11,"column":22}}},"fnMap":{"0":{"name":"(anonymous_0)","decl":{"start":{"line":5,"column":17},"end":{"line":5,"column":18}},"loc":{"start":{"line":5,"column":32},"end":{"line":12,"column":5}},"line":5}},"branchMap":{"0":{"loc":{"start":{"line":7,"column":8},"end":{"line":10,"column":9}},"type":"if","locations":[{"start":{"line":7,"column":8},"end":{"line":10,"column":9}},{"start":{},"end":{}}],"line":7},"1":{"loc":{"start":{"line":7,"column":11},"end":{"line":7,"column":62}},"type":"binary-expr","locations":[{"start":{"line":7,"column":11},"end":{"line":7,"column":25}},{"start":{"line":7,"column":29},"end":{"line":7,"column":43}},{"start":{"line":7,"column":47},"end":{"line":7,"column":62}}],"line":7}},"s":{"0":1,"1":1,"2":0,"3":0,"4":1},"f":{"0":1},"b":{"0":[0,1],"1":[1,1,0]},"_coverageSchema":"1a1c01bbd47fc00a2c39e90264f33305004495a9","hash":"3ceaeab05fefaac23a9a30adc4d6c7a4936a48fa"}
,"D:\\workspace\\Andela\\api\\src\\utils\\validationError.js": {"path":"D:\\workspace\\Andela\\api\\src\\utils\\validationError.js","statementMap":{"0":{"start":{"line":2,"column":16},"end":{"line":10,"column":5}},"1":{"start":{"line":11,"column":4},"end":{"line":11,"column":14}}},"fnMap":{"0":{"name":"errorMessage","decl":{"start":{"line":1,"column":9},"end":{"line":1,"column":21}},"loc":{"start":{"line":1,"column":28},"end":{"line":12,"column":1}},"line":1}},"branchMap":{},"s":{"0":6,"1":6},"f":{"0":6},"b":{},"_coverageSchema":"1a1c01bbd47fc00a2c39e90264f33305004495a9","hash":"4bad8d6e38ace704bce2e26c82c9262c612993a6"}
,"D:\\workspace\\Andela\\api\\src\\validations\\validation.js": {"path":"D:\\workspace\\Andela\\api\\src\\validations\\validation.js","statementMap":{"0":{"start":{"line":3,"column":20},"end":{"line":7,"column":2}},"1":{"start":{"line":8,"column":22},"end":{"line":12,"column":2}}},"fnMap":{},"branchMap":{},"s":{"0":1,"1":1},"f":{},"b":{},"_coverageSchema":"1a1c01bbd47fc00a2c39e90264f33305004495a9","hash":"572899f4f281efecb1510ed465aa662e0b579143"}
}
