{"D:\\workspace\\Andela\\api\\src\\app.js": {"path":"D:\\workspace\\Andela\\api\\src\\app.js","statementMap":{"0":{"start":{"line":17,"column":12},"end":{"line":17,"column":21}},"1":{"start":{"line":18,"column":24},"end":{"line":18,"column":50}},"2":{"start":{"line":24,"column":0},"end":{"line":24,"column":29}},"3":{"start":{"line":25,"column":0},"end":{"line":25,"column":15}},"4":{"start":{"line":26,"column":0},"end":{"line":26,"column":48}},"5":{"start":{"line":27,"column":0},"end":{"line":27,"column":52}},"6":{"start":{"line":28,"column":0},"end":{"line":28,"column":52}},"7":{"start":{"line":29,"column":0},"end":{"line":34,"column":3}},"8":{"start":{"line":35,"column":0},"end":{"line":35,"column":35}},"9":{"start":{"line":36,"column":0},"end":{"line":38,"column":55}},"10":{"start":{"line":39,"column":0},"end":{"line":39,"column":23}},"11":{"start":{"line":41,"column":0},"end":{"line":41,"column":28}},"12":{"start":{"line":42,"column":0},"end":{"line":42,"column":33}},"13":{"start":{"line":43,"column":0},"end":{"line":43,"column":30}}},"fnMap":{},"branchMap":{},"s":{"0":1,"1":1,"2":1,"3":1,"4":1,"5":1,"6":1,"7":1,"8":1,"9":1,"10":1,"11":1,"12":1,"13":1},"f":{},"b":{},"_coverageSchema":"1a1c01bbd47fc00a2c39e90264f33305004495a9","hash":"b8fdaab74f3ae443131fe02fe15d3e3e692e9bd0"}
,"D:\\workspace\\Andela\\api\\src\\controllers\\authController.js": {"path":"D:\\workspace\\Andela\\api\\src\\controllers\\authController.js","statementMap":{"0":{"start":{"line":7,"column":21},"end":{"line":22,"column":1}},"1":{"start":{"line":8,"column":4},"end":{"line":21,"column":5}},"2":{"start":{"line":9,"column":21},"end":{"line":9,"column":45}},"3":{"start":{"line":10,"column":31},"end":{"line":10,"column":72}},"4":{"start":{"line":11,"column":24},"end":{"line":16,"column":10}},"5":{"start":{"line":17,"column":21},"end":{"line":17,"column":41}},"6":{"start":{"line":18,"column":8},"end":{"line":18,"column":34}},"7":{"start":{"line":20,"column":8},"end":{"line":20,"column":31}},"8":{"start":{"line":24,"column":16},"end":{"line":48,"column":1}},"9":{"start":{"line":49,"column":17},"end":{"line":56,"column":1}},"10":{"start":{"line":50,"column":4},"end":{"line":55,"column":5}},"11":{"start":{"line":51,"column":21},"end":{"line":51,"column":61}},"12":{"start":{"line":52,"column":8},"end":{"line":52,"column":34}},"13":{"start":{"line":54,"column":8},"end":{"line":54,"column":35}},"14":{"start":{"line":57,"column":18},"end":{"line":64,"column":1}},"15":{"start":{"line":58,"column":4},"end":{"line":63,"column":5}},"16":{"start":{"line":59,"column":21},"end":{"line":59,"column":62}},"17":{"start":{"line":60,"column":8},"end":{"line":60,"column":34}},"18":{"start":{"line":62,"column":8},"end":{"line":62,"column":35}},"19":{"start":{"line":65,"column":19},"end":{"line":68,"column":1}},"20":{"start":{"line":66,"column":17},"end":{"line":66,"column":59}},"21":{"start":{"line":67,"column":4},"end":{"line":67,"column":64}},"22":{"start":{"line":69,"column":19},"end":{"line":75,"column":1}},"23":{"start":{"line":70,"column":17},"end":{"line":73,"column":6}},"24":{"start":{"line":74,"column":4},"end":{"line":74,"column":64}}},"fnMap":{"0":{"name":"(anonymous_0)","decl":{"start":{"line":7,"column":21},"end":{"line":7,"column":22}},"loc":{"start":{"line":7,"column":37},"end":{"line":22,"column":1}},"line":7},"1":{"name":"(anonymous_1)","decl":{"start":{"line":24,"column":16},"end":{"line":24,"column":17}},"loc":{"start":{"line":24,"column":27},"end":{"line":48,"column":1}},"line":24},"2":{"name":"(anonymous_2)","decl":{"start":{"line":49,"column":17},"end":{"line":49,"column":18}},"loc":{"start":{"line":49,"column":33},"end":{"line":56,"column":1}},"line":49},"3":{"name":"(anonymous_3)","decl":{"start":{"line":57,"column":18},"end":{"line":57,"column":19}},"loc":{"start":{"line":57,"column":34},"end":{"line":64,"column":1}},"line":57},"4":{"name":"(anonymous_4)","decl":{"start":{"line":65,"column":19},"end":{"line":65,"column":20}},"loc":{"start":{"line":65,"column":35},"end":{"line":68,"column":1}},"line":65},"5":{"name":"(anonymous_5)","decl":{"start":{"line":69,"column":19},"end":{"line":69,"column":20}},"loc":{"start":{"line":69,"column":35},"end":{"line":75,"column":1}},"line":69}},"branchMap":{},"s":{"0":1,"1":0,"2":0,"3":0,"4":0,"5":0,"6":0,"7":0,"8":1,"9":1,"10":0,"11":0,"12":0,"13":0,"14":1,"15":0,"16":0,"17":0,"18":0,"19":1,"20":2,"21":0,"22":1,"23":0,"24":0},"f":{"0":0,"1":0,"2":0,"3":0,"4":2,"5":0},"b":{},"_coverageSchema":"1a1c01bbd47fc00a2c39e90264f33305004495a9","hash":"5a8492c85fb58a81be909fdd6e4522660b0120b1"}
,"D:\\workspace\\Andela\\api\\src\\controllers\\blogsController.js": {"path":"D:\\workspace\\Andela\\api\\src\\controllers\\blogsController.js","statementMap":{"0":{"start":{"line":6,"column":19},"end":{"line":22,"column":1}},"1":{"start":{"line":8,"column":23},"end":{"line":8,"column":70}},"2":{"start":{"line":9,"column":24},"end":{"line":15,"column":10}},"3":{"start":{"line":16,"column":27},"end":{"line":16,"column":47}},"4":{"start":{"line":17,"column":8},"end":{"line":17,"column":41}},"5":{"start":{"line":25,"column":20},"end":{"line":32,"column":1}},"6":{"start":{"line":26,"column":4},"end":{"line":31,"column":5}},"7":{"start":{"line":27,"column":21},"end":{"line":27,"column":63}},"8":{"start":{"line":28,"column":8},"end":{"line":28,"column":34}},"9":{"start":{"line":30,"column":8},"end":{"line":30,"column":35}},"10":{"start":{"line":36,"column":22},"end":{"line":46,"column":1}},"11":{"start":{"line":37,"column":17},"end":{"line":37,"column":27}},"12":{"start":{"line":38,"column":4},"end":{"line":40,"column":5}},"13":{"start":{"line":39,"column":8},"end":{"line":39,"column":69}},"14":{"start":{"line":41,"column":18},"end":{"line":41,"column":42}},"15":{"start":{"line":42,"column":4},"end":{"line":44,"column":5}},"16":{"start":{"line":43,"column":8},"end":{"line":43,"column":69}},"17":{"start":{"line":45,"column":4},"end":{"line":45,"column":31}},"18":{"start":{"line":48,"column":19},"end":{"line":59,"column":1}},"19":{"start":{"line":49,"column":4},"end":{"line":58,"column":5}},"20":{"start":{"line":50,"column":21},"end":{"line":50,"column":31}},"21":{"start":{"line":51,"column":8},"end":{"line":53,"column":9}},"22":{"start":{"line":52,"column":12},"end":{"line":52,"column":65}},"23":{"start":{"line":54,"column":21},"end":{"line":54,"column":59}},"24":{"start":{"line":55,"column":8},"end":{"line":55,"column":34}},"25":{"start":{"line":57,"column":8},"end":{"line":57,"column":27}},"26":{"start":{"line":60,"column":19},"end":{"line":79,"column":1}},"27":{"start":{"line":61,"column":17},"end":{"line":61,"column":27}},"28":{"start":{"line":62,"column":4},"end":{"line":64,"column":5}},"29":{"start":{"line":63,"column":8},"end":{"line":63,"column":61}},"30":{"start":{"line":66,"column":19},"end":{"line":66,"column":66}},"31":{"start":{"line":67,"column":20},"end":{"line":74,"column":6}},"32":{"start":{"line":75,"column":4},"end":{"line":77,"column":5}},"33":{"start":{"line":76,"column":8},"end":{"line":76,"column":61}},"34":{"start":{"line":78,"column":4},"end":{"line":78,"column":33}},"35":{"start":{"line":80,"column":22},"end":{"line":95,"column":1}},"36":{"start":{"line":81,"column":15},"end":{"line":81,"column":28}},"37":{"start":{"line":82,"column":17},"end":{"line":82,"column":31}},"38":{"start":{"line":84,"column":20},"end":{"line":88,"column":6}},"39":{"start":{"line":90,"column":4},"end":{"line":90,"column":25}},"40":{"start":{"line":91,"column":11},"end":{"line":91,"column":40}},"41":{"start":{"line":92,"column":31},"end":{"line":92,"column":55}},"42":{"start":{"line":93,"column":11},"end":{"line":93,"column":45}},"43":{"start":{"line":94,"column":11},"end":{"line":94,"column":35}},"44":{"start":{"line":96,"column":21},"end":{"line":116,"column":1}},"45":{"start":{"line":97,"column":4},"end":{"line":114,"column":6}},"46":{"start":{"line":98,"column":8},"end":{"line":107,"column":9}},"47":{"start":{"line":99,"column":12},"end":{"line":106,"column":14}},"48":{"start":{"line":100,"column":16},"end":{"line":105,"column":17}},"49":{"start":{"line":101,"column":20},"end":{"line":104,"column":22}},"50":{"start":{"line":108,"column":8},"end":{"line":113,"column":9}},"51":{"start":{"line":109,"column":12},"end":{"line":112,"column":14}},"52":{"start":{"line":117,"column":20},"end":{"line":173,"column":5}},"53":{"start":{"line":120,"column":17},"end":{"line":120,"column":29}},"54":{"start":{"line":121,"column":4},"end":{"line":172,"column":7}},"55":{"start":{"line":122,"column":8},"end":{"line":166,"column":9}},"56":{"start":{"line":123,"column":12},"end":{"line":165,"column":13}},"57":{"start":{"line":124,"column":16},"end":{"line":139,"column":23}},"58":{"start":{"line":128,"column":24},"end":{"line":132,"column":25}},"59":{"start":{"line":129,"column":28},"end":{"line":131,"column":30}},"60":{"start":{"line":133,"column":24},"end":{"line":138,"column":25}},"61":{"start":{"line":134,"column":28},"end":{"line":137,"column":30}},"62":{"start":{"line":142,"column":16},"end":{"line":164,"column":18}},"63":{"start":{"line":143,"column":20},"end":{"line":163,"column":21}},"64":{"start":{"line":144,"column":24},"end":{"line":156,"column":26}},"65":{"start":{"line":145,"column":28},"end":{"line":155,"column":29}},"66":{"start":{"line":146,"column":32},"end":{"line":148,"column":34}},"67":{"start":{"line":151,"column":32},"end":{"line":154,"column":34}},"68":{"start":{"line":159,"column":24},"end":{"line":162,"column":26}},"69":{"start":{"line":167,"column":8},"end":{"line":171,"column":9}},"70":{"start":{"line":168,"column":12},"end":{"line":170,"column":14}}},"fnMap":{"0":{"name":"(anonymous_0)","decl":{"start":{"line":6,"column":19},"end":{"line":6,"column":20}},"loc":{"start":{"line":6,"column":36},"end":{"line":22,"column":1}},"line":6},"1":{"name":"(anonymous_1)","decl":{"start":{"line":25,"column":20},"end":{"line":25,"column":21}},"loc":{"start":{"line":25,"column":37},"end":{"line":32,"column":1}},"line":25},"2":{"name":"(anonymous_2)","decl":{"start":{"line":36,"column":22},"end":{"line":36,"column":23}},"loc":{"start":{"line":36,"column":39},"end":{"line":46,"column":1}},"line":36},"3":{"name":"(anonymous_3)","decl":{"start":{"line":48,"column":19},"end":{"line":48,"column":20}},"loc":{"start":{"line":48,"column":35},"end":{"line":59,"column":1}},"line":48},"4":{"name":"(anonymous_4)","decl":{"start":{"line":60,"column":19},"end":{"line":60,"column":20}},"loc":{"start":{"line":60,"column":36},"end":{"line":79,"column":1}},"line":60},"5":{"name":"(anonymous_5)","decl":{"start":{"line":80,"column":22},"end":{"line":80,"column":23}},"loc":{"start":{"line":80,"column":39},"end":{"line":95,"column":1}},"line":80},"6":{"name":"(anonymous_6)","decl":{"start":{"line":96,"column":21},"end":{"line":96,"column":22}},"loc":{"start":{"line":96,"column":32},"end":{"line":116,"column":1}},"line":96},"7":{"name":"(anonymous_7)","decl":{"start":{"line":97,"column":43},"end":{"line":97,"column":44}},"loc":{"start":{"line":97,"column":58},"end":{"line":114,"column":5}},"line":97},"8":{"name":"(anonymous_8)","decl":{"start":{"line":99,"column":56},"end":{"line":99,"column":57}},"loc":{"start":{"line":99,"column":71},"end":{"line":106,"column":13}},"line":99},"9":{"name":"(anonymous_9)","decl":{"start":{"line":117,"column":20},"end":{"line":117,"column":21}},"loc":{"start":{"line":117,"column":37},"end":{"line":173,"column":5}},"line":117},"10":{"name":"(anonymous_10)","decl":{"start":{"line":121,"column":59},"end":{"line":121,"column":60}},"loc":{"start":{"line":121,"column":80},"end":{"line":172,"column":5}},"line":121},"11":{"name":"(anonymous_11)","decl":{"start":{"line":127,"column":20},"end":{"line":127,"column":21}},"loc":{"start":{"line":127,"column":34},"end":{"line":139,"column":21}},"line":127},"12":{"name":"(anonymous_12)","decl":{"start":{"line":142,"column":77},"end":{"line":142,"column":78}},"loc":{"start":{"line":142,"column":91},"end":{"line":164,"column":17}},"line":142},"13":{"name":"(anonymous_13)","decl":{"start":{"line":144,"column":97},"end":{"line":144,"column":98}},"loc":{"start":{"line":144,"column":114},"end":{"line":156,"column":25}},"line":144}},"branchMap":{"0":{"loc":{"start":{"line":38,"column":4},"end":{"line":40,"column":5}},"type":"if","locations":[{"start":{"line":38,"column":4},"end":{"line":40,"column":5}},{"start":{},"end":{}}],"line":38},"1":{"loc":{"start":{"line":42,"column":4},"end":{"line":44,"column":5}},"type":"if","locations":[{"start":{"line":42,"column":4},"end":{"line":44,"column":5}},{"start":{},"end":{}}],"line":42},"2":{"loc":{"start":{"line":51,"column":8},"end":{"line":53,"column":9}},"type":"if","locations":[{"start":{"line":51,"column":8},"end":{"line":53,"column":9}},{"start":{},"end":{}}],"line":51},"3":{"loc":{"start":{"line":62,"column":4},"end":{"line":64,"column":5}},"type":"if","locations":[{"start":{"line":62,"column":4},"end":{"line":64,"column":5}},{"start":{},"end":{}}],"line":62},"4":{"loc":{"start":{"line":75,"column":4},"end":{"line":77,"column":5}},"type":"if","locations":[{"start":{"line":75,"column":4},"end":{"line":77,"column":5}},{"start":{},"end":{}}],"line":75},"5":{"loc":{"start":{"line":98,"column":8},"end":{"line":107,"column":9}},"type":"if","locations":[{"start":{"line":98,"column":8},"end":{"line":107,"column":9}},{"start":{},"end":{}}],"line":98},"6":{"loc":{"start":{"line":100,"column":16},"end":{"line":105,"column":17}},"type":"if","locations":[{"start":{"line":100,"column":16},"end":{"line":105,"column":17}},{"start":{},"end":{}}],"line":100},"7":{"loc":{"start":{"line":108,"column":8},"end":{"line":113,"column":9}},"type":"if","locations":[{"start":{"line":108,"column":8},"end":{"line":113,"column":9}},{"start":{},"end":{}}],"line":108},"8":{"loc":{"start":{"line":122,"column":8},"end":{"line":166,"column":9}},"type":"if","locations":[{"start":{"line":122,"column":8},"end":{"line":166,"column":9}},{"start":{},"end":{}}],"line":122},"9":{"loc":{"start":{"line":123,"column":12},"end":{"line":165,"column":13}},"type":"if","locations":[{"start":{"line":123,"column":12},"end":{"line":165,"column":13}},{"start":{"line":141,"column":17},"end":{"line":165,"column":13}}],"line":123},"10":{"loc":{"start":{"line":128,"column":24},"end":{"line":132,"column":25}},"type":"if","locations":[{"start":{"line":128,"column":24},"end":{"line":132,"column":25}},{"start":{},"end":{}}],"line":128},"11":{"loc":{"start":{"line":133,"column":24},"end":{"line":138,"column":25}},"type":"if","locations":[{"start":{"line":133,"column":24},"end":{"line":138,"column":25}},{"start":{},"end":{}}],"line":133},"12":{"loc":{"start":{"line":143,"column":20},"end":{"line":163,"column":21}},"type":"if","locations":[{"start":{"line":143,"column":20},"end":{"line":163,"column":21}},{"start":{"line":158,"column":24},"end":{"line":163,"column":21}}],"line":143},"13":{"loc":{"start":{"line":145,"column":28},"end":{"line":155,"column":29}},"type":"if","locations":[{"start":{"line":145,"column":28},"end":{"line":155,"column":29}},{"start":{"line":150,"column":32},"end":{"line":155,"column":29}}],"line":145},"14":{"loc":{"start":{"line":167,"column":8},"end":{"line":171,"column":9}},"type":"if","locations":[{"start":{"line":167,"column":8},"end":{"line":171,"column":9}},{"start":{},"end":{}}],"line":167}},"s":{"0":1,"1":1,"2":1,"3":1,"4":1,"5":1,"6":1,"7":1,"8":1,"9":0,"10":1,"11":1,"12":1,"13":0,"14":1,"15":1,"16":0,"17":1,"18":1,"19":1,"20":1,"21":1,"22":0,"23":1,"24":1,"25":0,"26":1,"27":0,"28":0,"29":0,"30":0,"31":0,"32":0,"33":0,"34":0,"35":1,"36":1,"37":1,"38":1,"39":1,"40":1,"41":1,"42":1,"43":1,"44":1,"45":0,"46":0,"47":0,"48":0,"49":0,"50":0,"51":0,"52":1,"53":1,"54":1,"55":1,"56":1,"57":1,"58":1,"59":1,"60":1,"61":0,"62":0,"63":0,"64":0,"65":0,"66":0,"67":0,"68":0,"69":1,"70":0},"f":{"0":1,"1":1,"2":1,"3":1,"4":0,"5":1,"6":0,"7":0,"8":0,"9":1,"10":1,"11":1,"12":0,"13":0},"b":{"0":[0,1],"1":[0,1],"2":[0,1],"3":[0,0],"4":[0,0],"5":[0,0],"6":[0,0],"7":[0,0],"8":[1,0],"9":[1,0],"10":[1,0],"11":[0,1],"12":[0,0],"13":[0,0],"14":[0,1]},"_coverageSchema":"1a1c01bbd47fc00a2c39e90264f33305004495a9","hash":"f40a065c2ef05bbeb6648673de6ce8a2615f7b8c"}
,"D:\\workspace\\Andela\\api\\src\\controllers\\userControler.js": {"path":"D:\\workspace\\Andela\\api\\src\\controllers\\userControler.js","statementMap":{"0":{"start":{"line":3,"column":23},"end":{"line":10,"column":1}},"1":{"start":{"line":4,"column":4},"end":{"line":9,"column":5}},"2":{"start":{"line":5,"column":23},"end":{"line":5,"column":66}},"3":{"start":{"line":6,"column":8},"end":{"line":6,"column":37}},"4":{"start":{"line":8,"column":8},"end":{"line":8,"column":35}},"5":{"start":{"line":12,"column":19},"end":{"line":20,"column":1}},"6":{"start":{"line":13,"column":22},"end":{"line":17,"column":6}},"7":{"start":{"line":18,"column":19},"end":{"line":18,"column":41}},"8":{"start":{"line":19,"column":4},"end":{"line":19,"column":33}}},"fnMap":{"0":{"name":"(anonymous_0)","decl":{"start":{"line":3,"column":23},"end":{"line":3,"column":24}},"loc":{"start":{"line":3,"column":40},"end":{"line":10,"column":1}},"line":3},"1":{"name":"(anonymous_1)","decl":{"start":{"line":12,"column":19},"end":{"line":12,"column":20}},"loc":{"start":{"line":12,"column":36},"end":{"line":20,"column":1}},"line":12}},"branchMap":{},"s":{"0":1,"1":2,"2":2,"3":2,"4":0,"5":1,"6":1,"7":1,"8":1},"f":{"0":2,"1":1},"b":{},"_coverageSchema":"1a1c01bbd47fc00a2c39e90264f33305004495a9","hash":"2f99342eef2112b09876e58678e594223d9363fd"}
,"D:\\workspace\\Andela\\api\\src\\docs\\api-docs.js": {"path":"D:\\workspace\\Andela\\api\\src\\docs\\api-docs.js","statementMap":{},"fnMap":{},"branchMap":{},"s":{},"f":{},"b":{},"_coverageSchema":"1a1c01bbd47fc00a2c39e90264f33305004495a9","hash":"95f9ecc79071cd16c4d074eff50c4af44623120a"}
,"D:\\workspace\\Andela\\api\\src\\middleware\\isLogedin.js": {"path":"D:\\workspace\\Andela\\api\\src\\middleware\\isLogedin.js","statementMap":{},"fnMap":{"0":{"name":"isLoggedIn","decl":{"start":{"line":3,"column":9},"end":{"line":3,"column":19}},"loc":{"start":{"line":3,"column":36},"end":{"line":9,"column":1}},"line":3},"1":{"name":"isLoggedInAsAdmin","decl":{"start":{"line":10,"column":9},"end":{"line":10,"column":26}},"loc":{"start":{"line":10,"column":43},"end":{"line":16,"column":1}},"line":10}},"branchMap":{},"s":{},"f":{"0":0,"1":0},"b":{},"_coverageSchema":"1a1c01bbd47fc00a2c39e90264f33305004495a9","hash":"44d736b75a4a3161719cedb1537ca4a87261c21c"}
,"D:\\workspace\\Andela\\api\\src\\middleware\\validation.js": {"path":"D:\\workspace\\Andela\\api\\src\\middleware\\validation.js","statementMap":{"0":{"start":{"line":2,"column":4},"end":{"line":11,"column":5}},"1":{"start":{"line":3,"column":24},"end":{"line":3,"column":49}},"2":{"start":{"line":4,"column":8},"end":{"line":10,"column":9}},"3":{"start":{"line":5,"column":12},"end":{"line":7,"column":15}},"4":{"start":{"line":9,"column":12},"end":{"line":9,"column":19}}},"fnMap":{"0":{"name":"validate","decl":{"start":{"line":1,"column":9},"end":{"line":1,"column":17}},"loc":{"start":{"line":1,"column":25},"end":{"line":12,"column":1}},"line":1},"1":{"name":"(anonymous_1)","decl":{"start":{"line":2,"column":11},"end":{"line":2,"column":12}},"loc":{"start":{"line":2,"column":28},"end":{"line":11,"column":5}},"line":2}},"branchMap":{"0":{"loc":{"start":{"line":4,"column":8},"end":{"line":10,"column":9}},"type":"if","locations":[{"start":{"line":4,"column":8},"end":{"line":10,"column":9}},{"start":{"line":8,"column":13},"end":{"line":10,"column":9}}],"line":4}},"s":{"0":4,"1":4,"2":4,"3":1,"4":3},"f":{"0":4,"1":4},"b":{"0":[1,3]},"_coverageSchema":"1a1c01bbd47fc00a2c39e90264f33305004495a9","hash":"dc428fd438fc8b25da4857abe90d959e5c0d14f9"}
,"D:\\workspace\\Andela\\api\\src\\models\\blogsModel.js": {"path":"D:\\workspace\\Andela\\api\\src\\models\\blogsModel.js","statementMap":{"0":{"start":{"line":2,"column":19},"end":{"line":22,"column":20}}},"fnMap":{},"branchMap":{},"s":{"0":1},"f":{},"b":{},"_coverageSchema":"1a1c01bbd47fc00a2c39e90264f33305004495a9","hash":"b84a7ddbdbd136b0b026dabbd12d420da4d6f660"}
,"D:\\workspace\\Andela\\api\\src\\models\\commentSchema.js": {"path":"D:\\workspace\\Andela\\api\\src\\models\\commentSchema.js","statementMap":{"0":{"start":{"line":2,"column":22},"end":{"line":19,"column":2}}},"fnMap":{},"branchMap":{},"s":{"0":1},"f":{},"b":{},"_coverageSchema":"1a1c01bbd47fc00a2c39e90264f33305004495a9","hash":"3779329a46a598fc2f61b0d9a7a93f64815bd2ff"}
,"D:\\workspace\\Andela\\api\\src\\models\\querries.js": {"path":"D:\\workspace\\Andela\\api\\src\\models\\querries.js","statementMap":{"0":{"start":{"line":2,"column":23},"end":{"line":16,"column":20}}},"fnMap":{},"branchMap":{},"s":{"0":1},"f":{},"b":{},"_coverageSchema":"1a1c01bbd47fc00a2c39e90264f33305004495a9","hash":"4936c9e10655ccaa6965fe66869b5900abf6717e"}
,"D:\\workspace\\Andela\\api\\src\\models\\usersModel.js": {"path":"D:\\workspace\\Andela\\api\\src\\models\\usersModel.js","statementMap":{"0":{"start":{"line":3,"column":19},"end":{"line":12,"column":22}},"1":{"start":{"line":13,"column":0},"end":{"line":13,"column":41}}},"fnMap":{},"branchMap":{},"s":{"0":1,"1":1},"f":{},"b":{},"_coverageSchema":"1a1c01bbd47fc00a2c39e90264f33305004495a9","hash":"067f30c5968020c61d1b4c51ee63ad96a83f38e4"}
,"D:\\workspace\\Andela\\api\\src\\routes\\blogsRoutes.js": {"path":"D:\\workspace\\Andela\\api\\src\\routes\\blogsRoutes.js","statementMap":{"0":{"start":{"line":10,"column":15},"end":{"line":10,"column":23}},"1":{"start":{"line":11,"column":0},"end":{"line":11,"column":33}},"2":{"start":{"line":12,"column":0},"end":{"line":12,"column":30}},"3":{"start":{"line":15,"column":0},"end":{"line":15,"column":143}},"4":{"start":{"line":18,"column":0},"end":{"line":18,"column":32}},"5":{"start":{"line":21,"column":0},"end":{"line":21,"column":38}},"6":{"start":{"line":23,"column":0},"end":{"line":23,"column":83}},"7":{"start":{"line":26,"column":0},"end":{"line":26,"column":103}},"8":{"start":{"line":28,"column":0},"end":{"line":28,"column":93}},"9":{"start":{"line":30,"column":0},"end":{"line":30,"column":46}},"10":{"start":{"line":32,"column":0},"end":{"line":32,"column":88}}},"fnMap":{},"branchMap":{},"s":{"0":1,"1":1,"2":1,"3":1,"4":1,"5":1,"6":1,"7":1,"8":1,"9":1,"10":1},"f":{},"b":{},"_coverageSchema":"1a1c01bbd47fc00a2c39e90264f33305004495a9","hash":"7b7615946b6db0b368a30b890bca5b8099c4ba51"}
,"D:\\workspace\\Andela\\api\\src\\routes\\messageRoutes.js": {"path":"D:\\workspace\\Andela\\api\\src\\routes\\messageRoutes.js","statementMap":{"0":{"start":{"line":4,"column":13},"end":{"line":4,"column":21}},"1":{"start":{"line":9,"column":0},"end":{"line":9,"column":34}},"2":{"start":{"line":10,"column":0},"end":{"line":10,"column":31}},"3":{"start":{"line":11,"column":0},"end":{"line":11,"column":105}},"4":{"start":{"line":12,"column":0},"end":{"line":12,"column":84}}},"fnMap":{},"branchMap":{},"s":{"0":1,"1":1,"2":1,"3":1,"4":1},"f":{},"b":{},"_coverageSchema":"1a1c01bbd47fc00a2c39e90264f33305004495a9","hash":"9a1ee76043d679625ee532ec48b79d2dfe851486"}
,"D:\\workspace\\Andela\\api\\src\\routes\\userAuth.js": {"path":"D:\\workspace\\Andela\\api\\src\\routes\\userAuth.js","statementMap":{"0":{"start":{"line":9,"column":18},"end":{"line":9,"column":24}},"1":{"start":{"line":10,"column":15},"end":{"line":10,"column":31}},"2":{"start":{"line":39,"column":0},"end":{"line":66,"column":4}},"3":{"start":{"line":47,"column":8},"end":{"line":63,"column":7}},"4":{"start":{"line":48,"column":10},"end":{"line":60,"column":12}},"5":{"start":{"line":49,"column":14},"end":{"line":59,"column":15}},"6":{"start":{"line":50,"column":34},"end":{"line":50,"column":74}},"7":{"start":{"line":51,"column":18},"end":{"line":56,"column":19}},"8":{"start":{"line":53,"column":22},"end":{"line":53,"column":84}},"9":{"start":{"line":55,"column":22},"end":{"line":55,"column":84}},"10":{"start":{"line":58,"column":18},"end":{"line":58,"column":88}},"11":{"start":{"line":62,"column":10},"end":{"line":62,"column":26}},"12":{"start":{"line":68,"column":2},"end":{"line":82,"column":4}},"13":{"start":{"line":75,"column":8},"end":{"line":79,"column":9}},"14":{"start":{"line":76,"column":10},"end":{"line":76,"column":40}},"15":{"start":{"line":78,"column":10},"end":{"line":78,"column":22}},"16":{"start":{"line":83,"column":0},"end":{"line":83,"column":45}},"17":{"start":{"line":84,"column":0},"end":{"line":84,"column":49}},"18":{"start":{"line":95,"column":0},"end":{"line":95,"column":57}},"19":{"start":{"line":99,"column":0},"end":{"line":131,"column":2}},"20":{"start":{"line":102,"column":4},"end":{"line":129,"column":22}},"21":{"start":{"line":105,"column":8},"end":{"line":127,"column":9}},"22":{"start":{"line":106,"column":10},"end":{"line":124,"column":12}},"23":{"start":{"line":107,"column":26},"end":{"line":107,"column":57}},"24":{"start":{"line":108,"column":12},"end":{"line":108,"column":61}},"25":{"start":{"line":111,"column":10},"end":{"line":124,"column":11}},"26":{"start":{"line":115,"column":14},"end":{"line":115,"column":44}},"27":{"start":{"line":115,"column":25},"end":{"line":115,"column":44}},"28":{"start":{"line":117,"column":27},"end":{"line":117,"column":63}},"29":{"start":{"line":118,"column":28},"end":{"line":118,"column":66}},"30":{"start":{"line":120,"column":14},"end":{"line":122,"column":31}},"31":{"start":{"line":126,"column":10},"end":{"line":126,"column":29}},"32":{"start":{"line":132,"column":0},"end":{"line":132,"column":74}},"33":{"start":{"line":133,"column":0},"end":{"line":133,"column":79}},"34":{"start":{"line":134,"column":0},"end":{"line":134,"column":83}},"35":{"start":{"line":135,"column":0},"end":{"line":135,"column":80}},"36":{"start":{"line":136,"column":0},"end":{"line":144,"column":3}},"37":{"start":{"line":137,"column":2},"end":{"line":143,"column":5}},"38":{"start":{"line":138,"column":4},"end":{"line":138,"column":34}},"39":{"start":{"line":138,"column":15},"end":{"line":138,"column":32}},"40":{"start":{"line":139,"column":4},"end":{"line":142,"column":4}}},"fnMap":{"0":{"name":"(anonymous_0)","decl":{"start":{"line":46,"column":6},"end":{"line":46,"column":7}},"loc":{"start":{"line":46,"column":39},"end":{"line":64,"column":7}},"line":46},"1":{"name":"(anonymous_1)","decl":{"start":{"line":48,"column":42},"end":{"line":48,"column":43}},"loc":{"start":{"line":48,"column":63},"end":{"line":60,"column":11}},"line":48},"2":{"name":"(anonymous_2)","decl":{"start":{"line":74,"column":6},"end":{"line":74,"column":7}},"loc":{"start":{"line":74,"column":29},"end":{"line":80,"column":7}},"line":74},"3":{"name":"(anonymous_3)","decl":{"start":{"line":101,"column":2},"end":{"line":101,"column":3}},"loc":{"start":{"line":101,"column":28},"end":{"line":130,"column":3}},"line":101},"4":{"name":"(anonymous_4)","decl":{"start":{"line":104,"column":6},"end":{"line":104,"column":7}},"loc":{"start":{"line":104,"column":33},"end":{"line":128,"column":7}},"line":104},"5":{"name":"(anonymous_5)","decl":{"start":{"line":114,"column":12},"end":{"line":114,"column":13}},"loc":{"start":{"line":114,"column":29},"end":{"line":123,"column":13}},"line":114},"6":{"name":"(anonymous_6)","decl":{"start":{"line":136,"column":22},"end":{"line":136,"column":23}},"loc":{"start":{"line":136,"column":47},"end":{"line":144,"column":1}},"line":136},"7":{"name":"(anonymous_7)","decl":{"start":{"line":137,"column":13},"end":{"line":137,"column":14}},"loc":{"start":{"line":137,"column":27},"end":{"line":143,"column":3}},"line":137}},"branchMap":{"0":{"loc":{"start":{"line":49,"column":14},"end":{"line":59,"column":15}},"type":"if","locations":[{"start":{"line":49,"column":14},"end":{"line":59,"column":15}},{"start":{"line":57,"column":21},"end":{"line":59,"column":15}}],"line":49},"1":{"loc":{"start":{"line":51,"column":18},"end":{"line":56,"column":19}},"type":"if","locations":[{"start":{"line":51,"column":18},"end":{"line":56,"column":19}},{"start":{"line":54,"column":25},"end":{"line":56,"column":19}}],"line":51},"2":{"loc":{"start":{"line":106,"column":10},"end":{"line":124,"column":12}},"type":"if","locations":[{"start":{"line":106,"column":10},"end":{"line":124,"column":12}},{"start":{"line":109,"column":15},"end":{"line":124,"column":12}}],"line":106},"3":{"loc":{"start":{"line":106,"column":14},"end":{"line":106,"column":26}},"type":"binary-expr","locations":[{"start":{"line":106,"column":14},"end":{"line":106,"column":17}},{"start":{"line":106,"column":21},"end":{"line":106,"column":26}}],"line":106},"4":{"loc":{"start":{"line":115,"column":14},"end":{"line":115,"column":44}},"type":"if","locations":[{"start":{"line":115,"column":14},"end":{"line":115,"column":44}},{"start":{},"end":{}}],"line":115},"5":{"loc":{"start":{"line":138,"column":4},"end":{"line":138,"column":34}},"type":"if","locations":[{"start":{"line":138,"column":4},"end":{"line":138,"column":34}},{"start":{},"end":{}}],"line":138}},"s":{"0":1,"1":1,"2":1,"3":1,"4":1,"5":1,"6":1,"7":1,"8":1,"9":0,"10":0,"11":0,"12":1,"13":9,"14":9,"15":0,"16":1,"17":1,"18":1,"19":1,"20":1,"21":1,"22":1,"23":0,"24":0,"25":1,"26":1,"27":0,"28":1,"29":1,"30":1,"31":0,"32":1,"33":1,"34":1,"35":1,"36":1,"37":1,"38":0,"39":0,"40":0},"f":{"0":1,"1":1,"2":9,"3":1,"4":1,"5":1,"6":1,"7":0},"b":{"0":[1,0],"1":[1,0],"2":[0,1],"3":[1,1],"4":[0,1],"5":[0,0]},"_coverageSchema":"1a1c01bbd47fc00a2c39e90264f33305004495a9","hash":"58767875db5b9d518f1ab5fb994efdcc10fa94d5"}
,"D:\\workspace\\Andela\\api\\src\\routes\\userRoutes.js": {"path":"D:\\workspace\\Andela\\api\\src\\routes\\userRoutes.js","statementMap":{},"fnMap":{},"branchMap":{},"s":{},"f":{},"b":{},"_coverageSchema":"1a1c01bbd47fc00a2c39e90264f33305004495a9","hash":"f599522964b34cab9a079c80a96163c6f02ffd92"}
,"D:\\workspace\\Andela\\api\\src\\utils\\cloudinary.js": {"path":"D:\\workspace\\Andela\\api\\src\\utils\\cloudinary.js","statementMap":{"0":{"start":{"line":2,"column":0},"end":{"line":6,"column":5}}},"fnMap":{},"branchMap":{},"s":{"0":1},"f":{},"b":{},"_coverageSchema":"1a1c01bbd47fc00a2c39e90264f33305004495a9","hash":"0c120051d61fc0cb2da03759e49df4f9e3f75baa"}
,"D:\\workspace\\Andela\\api\\src\\utils\\multer.js": {"path":"D:\\workspace\\Andela\\api\\src\\utils\\multer.js","statementMap":{"0":{"start":{"line":6,"column":18},"end":{"line":6,"column":49}},"1":{"start":{"line":7,"column":8},"end":{"line":10,"column":9}},"2":{"start":{"line":8,"column":12},"end":{"line":8,"column":62}},"3":{"start":{"line":9,"column":12},"end":{"line":9,"column":19}},"4":{"start":{"line":11,"column":8},"end":{"line":11,"column":22}}},"fnMap":{"0":{"name":"(anonymous_0)","decl":{"start":{"line":5,"column":17},"end":{"line":5,"column":18}},"loc":{"start":{"line":5,"column":32},"end":{"line":12,"column":5}},"line":5}},"branchMap":{"0":{"loc":{"start":{"line":7,"column":8},"end":{"line":10,"column":9}},"type":"if","locations":[{"start":{"line":7,"column":8},"end":{"line":10,"column":9}},{"start":{},"end":{}}],"line":7},"1":{"loc":{"start":{"line":7,"column":11},"end":{"line":7,"column":62}},"type":"binary-expr","locations":[{"start":{"line":7,"column":11},"end":{"line":7,"column":25}},{"start":{"line":7,"column":29},"end":{"line":7,"column":43}},{"start":{"line":7,"column":47},"end":{"line":7,"column":62}}],"line":7}},"s":{"0":1,"1":1,"2":0,"3":0,"4":1},"f":{"0":1},"b":{"0":[0,1],"1":[1,1,0]},"_coverageSchema":"1a1c01bbd47fc00a2c39e90264f33305004495a9","hash":"3ceaeab05fefaac23a9a30adc4d6c7a4936a48fa"}
,"D:\\workspace\\Andela\\api\\src\\utils\\validationError.js": {"path":"D:\\workspace\\Andela\\api\\src\\utils\\validationError.js","statementMap":{"0":{"start":{"line":2,"column":16},"end":{"line":10,"column":5}},"1":{"start":{"line":11,"column":4},"end":{"line":11,"column":14}}},"fnMap":{"0":{"name":"errorMessage","decl":{"start":{"line":1,"column":9},"end":{"line":1,"column":21}},"loc":{"start":{"line":1,"column":28},"end":{"line":12,"column":1}},"line":1}},"branchMap":{},"s":{"0":10,"1":10},"f":{"0":10},"b":{},"_coverageSchema":"1a1c01bbd47fc00a2c39e90264f33305004495a9","hash":"4bad8d6e38ace704bce2e26c82c9262c612993a6"}
,"D:\\workspace\\Andela\\api\\src\\validations\\validation.js": {"path":"D:\\workspace\\Andela\\api\\src\\validations\\validation.js","statementMap":{"0":{"start":{"line":3,"column":20},"end":{"line":7,"column":2}},"1":{"start":{"line":8,"column":22},"end":{"line":12,"column":2}},"2":{"start":{"line":13,"column":17},"end":{"line":16,"column":2}},"3":{"start":{"line":17,"column":13},"end":{"line":20,"column":2}}},"fnMap":{},"branchMap":{},"s":{"0":1,"1":1,"2":1,"3":1},"f":{},"b":{},"_coverageSchema":"1a1c01bbd47fc00a2c39e90264f33305004495a9","hash":"f723eadf285c705f875db037ff0eafd62f2f9d01"}
}
