TN:
SF:src\app.js
FNF:0
FNH:0
DA:17,1
DA:18,1
DA:23,1
DA:24,1
DA:25,1
DA:26,1
DA:27,1
DA:28,1
DA:34,1
DA:35,1
DA:38,1
DA:40,1
DA:41,1
DA:42,1
LF:14
LH:14
BRF:0
BRH:0
end_of_record
TN:
SF:src\controllers\authController.js
FN:7,(anonymous_0)
FN:24,(anonymous_1)
FN:49,(anonymous_2)
FN:57,(anonymous_3)
FN:65,(anonymous_4)
FN:69,(anonymous_5)
FNF:6
FNH:1
FNDA:0,(anonymous_0)
FNDA:0,(anonymous_1)
FNDA:0,(anonymous_2)
FNDA:0,(anonymous_3)
FNDA:2,(anonymous_4)
FNDA:0,(anonymous_5)
DA:7,1
DA:24,1
DA:49,1
DA:50,0
DA:51,0
DA:52,0
DA:54,0
DA:57,1
DA:58,0
DA:59,0
DA:60,0
DA:62,0
DA:65,1
DA:66,2
DA:67,2
DA:69,1
DA:70,0
DA:74,0
LF:18
LH:8
BRF:0
BRH:0
end_of_record
TN:
SF:src\controllers\blogsController.js
FN:6,(anonymous_0)
FN:25,(anonymous_1)
FN:36,(anonymous_2)
FN:48,(anonymous_3)
FN:60,(anonymous_4)
FN:80,(anonymous_5)
FN:96,(anonymous_6)
FN:97,(anonymous_7)
FN:99,(anonymous_8)
FN:117,(anonymous_9)
FN:121,(anonymous_10)
FN:127,(anonymous_11)
FN:142,(anonymous_12)
FN:144,(anonymous_13)
FNF:14
FNH:8
FNDA:1,(anonymous_0)
FNDA:1,(anonymous_1)
FNDA:1,(anonymous_2)
FNDA:1,(anonymous_3)
FNDA:0,(anonymous_4)
FNDA:1,(anonymous_5)
FNDA:0,(anonymous_6)
FNDA:0,(anonymous_7)
FNDA:0,(anonymous_8)
FNDA:1,(anonymous_9)
FNDA:1,(anonymous_10)
FNDA:1,(anonymous_11)
FNDA:0,(anonymous_12)
FNDA:0,(anonymous_13)
DA:6,1
DA:8,1
DA:9,1
DA:16,1
DA:17,1
DA:25,1
DA:26,1
DA:27,1
DA:28,1
DA:30,0
DA:36,1
DA:37,1
DA:38,1
DA:39,0
DA:41,1
DA:42,1
DA:43,0
DA:45,1
DA:48,1
DA:49,1
DA:50,1
DA:51,1
DA:52,0
DA:54,1
DA:55,1
DA:57,0
DA:60,1
DA:61,0
DA:62,0
DA:63,0
DA:66,0
DA:67,0
DA:75,0
DA:76,0
DA:78,0
DA:80,1
DA:81,1
DA:82,1
DA:84,1
DA:90,1
DA:91,1
DA:92,1
DA:93,1
DA:94,1
DA:96,1
DA:97,0
DA:98,0
DA:99,0
DA:100,0
DA:101,0
DA:108,0
DA:109,0
DA:117,1
DA:120,1
DA:121,1
DA:122,1
DA:123,1
DA:124,1
DA:128,1
DA:129,1
DA:133,1
DA:134,0
DA:142,0
DA:143,0
DA:144,0
DA:145,0
DA:146,0
DA:151,0
DA:159,0
DA:167,1
DA:168,0
LF:71
LH:42
BRDA:38,0,0,0
BRDA:38,0,1,1
BRDA:42,1,0,0
BRDA:42,1,1,1
BRDA:51,2,0,0
BRDA:51,2,1,1
BRDA:62,3,0,0
BRDA:62,3,1,0
BRDA:75,4,0,0
BRDA:75,4,1,0
BRDA:98,5,0,0
BRDA:98,5,1,0
BRDA:100,6,0,0
BRDA:100,6,1,0
BRDA:108,7,0,0
BRDA:108,7,1,0
BRDA:122,8,0,1
BRDA:122,8,1,0
BRDA:123,9,0,1
BRDA:123,9,1,0
BRDA:128,10,0,1
BRDA:128,10,1,0
BRDA:133,11,0,0
BRDA:133,11,1,1
BRDA:143,12,0,0
BRDA:143,12,1,0
BRDA:145,13,0,0
BRDA:145,13,1,0
BRDA:167,14,0,0
BRDA:167,14,1,1
BRF:30
BRH:8
end_of_record
TN:
SF:src\controllers\userControler.js
FN:3,(anonymous_0)
FN:12,(anonymous_1)
FNF:2
FNH:1
FNDA:2,(anonymous_0)
FNDA:0,(anonymous_1)
DA:3,1
DA:4,2
DA:5,2
DA:6,2
DA:8,0
DA:12,1
DA:13,0
DA:18,0
DA:19,0
LF:9
LH:5
BRF:0
BRH:0
end_of_record
TN:
SF:src\docs\api-docs.js
FNF:0
FNH:0
LF:0
LH:0
BRF:0
BRH:0
end_of_record
TN:
SF:src\middleware\isLogedin.js
FN:3,isLoggedIn
FN:10,isLoggedInAsAdmin
FNF:2
FNH:0
FNDA:0,isLoggedIn
FNDA:0,isLoggedInAsAdmin
LF:0
LH:0
BRF:0
BRH:0
end_of_record
TN:
SF:src\middleware\validation.js
FN:1,validate
FN:2,(anonymous_1)
FNF:2
FNH:2
FNDA:2,validate
FNDA:2,(anonymous_1)
DA:2,2
DA:3,2
DA:4,2
DA:5,1
DA:9,1
LF:5
LH:5
BRDA:4,0,0,1
BRDA:4,0,1,1
BRF:2
BRH:2
end_of_record
TN:
SF:src\models\blogsModel.js
FNF:0
FNH:0
DA:2,1
LF:1
LH:1
BRF:0
BRH:0
end_of_record
TN:
SF:src\models\commentSchema.js
FNF:0
FNH:0
DA:2,1
LF:1
LH:1
BRF:0
BRH:0
end_of_record
TN:
SF:src\models\querries.js
FNF:0
FNH:0
DA:2,1
LF:1
LH:1
BRF:0
BRH:0
end_of_record
TN:
SF:src\models\usersModel.js
FNF:0
FNH:0
DA:3,1
DA:13,1
LF:2
LH:2
BRF:0
BRH:0
end_of_record
TN:
SF:src\routes\blogsRoutes.js
FNF:0
FNH:0
DA:10,1
DA:11,1
DA:12,1
DA:15,1
DA:18,1
DA:21,1
DA:23,1
DA:26,1
DA:28,1
DA:30,1
DA:32,1
LF:11
LH:11
BRF:0
BRH:0
end_of_record
TN:
SF:src\routes\messageRoutes.js
FNF:0
FNH:0
DA:4,1
DA:9,1
DA:10,1
DA:11,1
DA:12,1
LF:5
LH:5
BRF:0
BRH:0
end_of_record
TN:
SF:src\routes\userAuth.js
FN:20,(anonymous_0)
FN:41,(anonymous_1)
FN:43,(anonymous_2)
FN:68,(anonymous_3)
FN:82,(anonymous_4)
FN:94,(anonymous_5)
FN:97,(anonymous_6)
FN:107,(anonymous_7)
FN:129,(anonymous_8)
FN:130,(anonymous_9)
FNF:10
FNH:10
FNDA:1,(anonymous_0)
FNDA:1,(anonymous_1)
FNDA:1,(anonymous_2)
FNDA:9,(anonymous_3)
FNDA:1,(anonymous_4)
FNDA:1,(anonymous_5)
FNDA:1,(anonymous_6)
FNDA:1,(anonymous_7)
FNDA:1,(anonymous_8)
FNDA:1,(anonymous_9)
DA:10,1
DA:11,1
DA:12,1
DA:13,1
DA:21,1
DA:22,1
DA:24,1
DA:26,0
DA:34,1
DA:42,1
DA:43,1
DA:44,1
DA:45,1
DA:47,1
DA:49,0
DA:52,0
DA:56,0
DA:62,1
DA:69,9
DA:70,9
DA:72,0
DA:77,1
DA:78,1
DA:79,1
DA:83,1
DA:92,1
DA:95,1
DA:98,1
DA:99,1
DA:100,0
DA:101,0
DA:104,1
DA:108,1
DA:110,1
DA:111,1
DA:113,1
DA:119,0
DA:125,1
DA:126,1
DA:127,1
DA:128,1
DA:129,1
DA:130,1
DA:131,1
DA:132,1
LF:45
LH:37
BRDA:44,0,0,1
BRDA:44,0,1,0
BRDA:45,1,0,1
BRDA:45,1,1,0
BRDA:99,2,0,0
BRDA:99,2,1,1
BRDA:99,3,0,1
BRDA:99,3,1,1
BRDA:108,4,0,0
BRDA:108,4,1,1
BRDA:131,5,0,0
BRDA:131,5,1,1
BRF:12
BRH:7
end_of_record
TN:
SF:src\routes\userRoutes.js
FNF:0
FNH:0
LF:0
LH:0
BRF:0
BRH:0
end_of_record
TN:
SF:src\utils\cloudinary.js
FNF:0
FNH:0
DA:2,1
LF:1
LH:1
BRF:0
BRH:0
end_of_record
TN:
SF:src\utils\multer.js
FN:5,(anonymous_0)
FNF:1
FNH:1
FNDA:1,(anonymous_0)
DA:6,1
DA:7,1
DA:8,0
DA:9,0
DA:11,1
LF:5
LH:3
BRDA:7,0,0,0
BRDA:7,0,1,1
BRDA:7,1,0,1
BRDA:7,1,1,1
BRDA:7,1,2,0
BRF:5
BRH:3
end_of_record
TN:
SF:src\utils\validationError.js
FN:1,errorMessage
FNF:1
FNH:1
FNDA:6,errorMessage
DA:2,6
DA:11,6
LF:2
LH:2
BRF:0
BRH:0
end_of_record
TN:
SF:src\validations\validation.js
FNF:0
FNH:0
DA:3,1
DA:8,1
LF:2
LH:2
BRF:0
BRH:0
end_of_record
